<?xml version="1.0" encoding="UTF-8"?>
<Site BuildName="(empty)"
	BuildStamp="20231228-2021-Experimental"
	Name="(empty)"
	Generator="ctest-3.28.0-rc2"
	CompilerName=""
	CompilerVersion=""
	OSName="macOS"
	Hostname="401ea56b-0cd5-4aa7-9ca4-7d78d0327981.fritz.box"
	OSRelease="14.1.2"
	OSVersion="23B92"
	OSPlatform="arm64"
	Is64Bits="1"
	VendorString="IBM"
	VendorID="IBM"
	FamilyID="16777228"
	ModelID="2"
	ProcessorCacheSize="131072"
	NumberOfLogicalCPU="8"
	NumberOfPhysicalCPU="8"
	TotalVirtualMemory="0"
	TotalPhysicalMemory="24576"
	LogicalProcessorsPerPhysical="8"
	ProcessorClockFrequency="0"
	>
	<Testing>
		<StartDateTime>Dec 29 00:45 CET</StartDateTime>
		<StartTestTime>1703807150</StartTestTime>
		<TestList/>
		<EndDateTime>Dec 29 00:45 CET</EndDateTime>
		<EndTestTime>1703807150</EndTestTime>
		<ElapsedMinutes>0</ElapsedMinutes>
	</Testing>
</Site>
